<?xml version="1.0" encoding="UTF-8"?>
<coverage generated="1726823646689" clover="3.2.0">
  <project timestamp="1726823646689" name="All files">
    <metrics statements="14" coveredstatements="14" conditionals="0" coveredconditionals="0" methods="8" coveredmethods="8" elements="22" coveredelements="22" complexity="0" loc="14" ncloc="14" packages="1" files="2" classes="2"/>
    <file name="candy.js" path="/Users/chris/Makers_Software_Engineering/software_development/01_learning_javascript/02_real_world_javascript/03_test_drive_shopping_basket/candy.js">
      <metrics statements="5" coveredstatements="5" conditionals="0" coveredconditionals="0" methods="3" coveredmethods="3"/>
      <line num="3" count="13" type="stmt"/>
      <line num="4" count="13" type="stmt"/>
      <line num="8" count="2" type="stmt"/>
      <line num="12" count="5" type="stmt"/>
      <line num="16" count="2" type="stmt"/>
    </file>
    <file name="shoppingBasket.js" path="/Users/chris/Makers_Software_Engineering/software_development/01_learning_javascript/02_real_world_javascript/03_test_drive_shopping_basket/shoppingBasket.js">
      <metrics statements="9" coveredstatements="9" conditionals="0" coveredconditionals="0" methods="5" coveredmethods="5"/>
      <line num="1" count="1" type="stmt"/>
      <line num="9" count="3" type="stmt"/>
      <line num="14" count="7" type="stmt"/>
      <line num="19" count="1" type="stmt"/>
      <line num="21" count="1" type="stmt"/>
      <line num="24" count="3" type="stmt"/>
      <line num="27" count="1" type="stmt"/>
      <line num="31" count="1" type="stmt"/>
      <line num="36" count="1" type="stmt"/>
    </file>
  </project>
</coverage>
