{"/Users/chris/Makers_Software_Engineering/software_development/01_learning_javascript/02_real_world_javascript/03_test_drive_shopping_basket/candy.js": {"path":"/Users/chris/Makers_Software_Engineering/software_development/01_learning_javascript/02_real_world_javascript/03_test_drive_shopping_basket/candy.js","statementMap":{"0":{"start":{"line":3,"column":8},"end":{"line":3,"column":24}},"1":{"start":{"line":4,"column":8},"end":{"line":4,"column":27}},"2":{"start":{"line":8,"column":8},"end":{"line":8,"column":25}},"3":{"start":{"line":12,"column":8},"end":{"line":12,"column":26}},"4":{"start":{"line":16,"column":0},"end":{"line":16,"column":23}}},"fnMap":{"0":{"name":"(anonymous_0)","decl":{"start":{"line":2,"column":4},"end":{"line":2,"column":5}},"loc":{"start":{"line":2,"column":29},"end":{"line":5,"column":5}},"line":2},"1":{"name":"(anonymous_1)","decl":{"start":{"line":7,"column":4},"end":{"line":7,"column":5}},"loc":{"start":{"line":7,"column":14},"end":{"line":9,"column":5}},"line":7},"2":{"name":"(anonymous_2)","decl":{"start":{"line":11,"column":4},"end":{"line":11,"column":5}},"loc":{"start":{"line":11,"column":15},"end":{"line":13,"column":5}},"line":11}},"branchMap":{},"s":{"0":13,"1":13,"2":2,"3":5,"4":2},"f":{"0":13,"1":2,"2":5},"b":{},"_coverageSchema":"1a1c01bbd47fc00a2c39e90264f33305004495a9","hash":"44def183da19fdd6b51df45469644f7482a9e289"}
,"/Users/chris/Makers_Software_Engineering/software_development/01_learning_javascript/02_real_world_javascript/03_test_drive_shopping_basket/shoppingBasket.js": {"path":"/Users/chris/Makers_Software_Engineering/software_development/01_learning_javascript/02_real_world_javascript/03_test_drive_shopping_basket/shoppingBasket.js","statementMap":{"0":{"start":{"line":1,"column":14},"end":{"line":1,"column":32}},"1":{"start":{"line":9,"column":8},"end":{"line":9,"column":26}},"2":{"start":{"line":14,"column":8},"end":{"line":14,"column":33}},"3":{"start":{"line":19,"column":18},"end":{"line":19,"column":19}},"4":{"start":{"line":21,"column":8},"end":{"line":25,"column":11}},"5":{"start":{"line":24,"column":12},"end":{"line":24,"column":36}},"6":{"start":{"line":27,"column":8},"end":{"line":27,"column":19}},"7":{"start":{"line":31,"column":8},"end":{"line":31,"column":28}},"8":{"start":{"line":36,"column":0},"end":{"line":36,"column":31}}},"fnMap":{"0":{"name":"(anonymous_0)","decl":{"start":{"line":8,"column":4},"end":{"line":8,"column":5}},"loc":{"start":{"line":8,"column":18},"end":{"line":10,"column":5}},"line":8},"1":{"name":"(anonymous_1)","decl":{"start":{"line":13,"column":4},"end":{"line":13,"column":5}},"loc":{"start":{"line":13,"column":19},"end":{"line":15,"column":5}},"line":13},"2":{"name":"(anonymous_2)","decl":{"start":{"line":18,"column":4},"end":{"line":18,"column":5}},"loc":{"start":{"line":18,"column":20},"end":{"line":28,"column":5}},"line":18},"3":{"name":"(anonymous_3)","decl":{"start":{"line":21,"column":29},"end":{"line":21,"column":30}},"loc":{"start":{"line":21,"column":40},"end":{"line":25,"column":9}},"line":21},"4":{"name":"(anonymous_4)","decl":{"start":{"line":30,"column":4},"end":{"line":30,"column":5}},"loc":{"start":{"line":30,"column":17},"end":{"line":32,"column":5}},"line":30}},"branchMap":{},"s":{"0":1,"1":3,"2":7,"3":1,"4":1,"5":3,"6":1,"7":1,"8":1},"f":{"0":3,"1":7,"2":1,"3":3,"4":1},"b":{},"_coverageSchema":"1a1c01bbd47fc00a2c39e90264f33305004495a9","hash":"7e74f8c79f1ba7949d560f88dbcc615d80137b6f"}
}
