TN:
SF:candy.js
FN:2,(anonymous_0)
FN:7,(anonymous_1)
FN:11,(anonymous_2)
FNF:3
FNH:3
FNDA:13,(anonymous_0)
FNDA:2,(anonymous_1)
FNDA:5,(anonymous_2)
DA:3,13
DA:4,13
DA:8,2
DA:12,5
DA:16,2
LF:5
LH:5
BRF:0
BRH:0
end_of_record
TN:
SF:shoppingBasket.js
FN:8,(anonymous_0)
FN:13,(anonymous_1)
FN:18,(anonymous_2)
FN:21,(anonymous_3)
FN:30,(anonymous_4)
FNF:5
FNH:5
FNDA:3,(anonymous_0)
FNDA:7,(anonymous_1)
FNDA:1,(anonymous_2)
FNDA:3,(anonymous_3)
FNDA:1,(anonymous_4)
DA:1,1
DA:9,3
DA:14,7
DA:19,1
DA:21,1
DA:24,3
DA:27,1
DA:31,1
DA:36,1
LF:9
LH:9
BRF:0
BRH:0
end_of_record
